\BOOKMARK [0][-]{dummy.2}{\376\377\000R\000e\000s\000u\000m\000e\000n}{}% 1
\BOOKMARK [0][-]{chapter.4}{\376\377\0001\000\040\000I\000n\000t\000r\000o\000d\000u\000c\000c\000i\000\363\000n}{}% 2
\BOOKMARK [1][-]{section.5}{\376\377\0001\000.\0001\000\040\000M\000o\000t\000i\000v\000a\000c\000i\000\363\000n}{chapter.4}% 3
\BOOKMARK [1][-]{section.6}{\376\377\0001\000.\0002\000\040\000C\000o\000n\000t\000r\000i\000b\000u\000c\000i\000\363\000n}{chapter.4}% 4
\BOOKMARK [1][-]{section.7}{\376\377\0001\000.\0003\000\040\000E\000s\000t\000r\000u\000c\000t\000u\000r\000a\000\040\000d\000e\000l\000\040\000I\000n\000f\000o\000r\000m\000e}{chapter.4}% 5
\BOOKMARK [0][-]{chapter.8}{\376\377\0002\000\040\000C\000o\000n\000o\000c\000i\000m\000i\000e\000n\000t\000o\000s\000\040\000P\000r\000e\000v\000i\000o\000s}{}% 6
\BOOKMARK [1][-]{section.9}{\376\377\0002\000.\0001\000\040\000A\000n\000\341\000l\000i\000s\000i\000s\000\040\000E\000s\000t\000\341\000t\000i\000c\000o}{chapter.8}% 7
\BOOKMARK [1][-]{section.10}{\376\377\0002\000.\0002\000\040\000I\000n\000f\000o\000r\000m\000a\000t\000i\000o\000n\000\040\000F\000l\000o\000w}{chapter.8}% 8
\BOOKMARK [2][-]{subsection.11}{\376\377\0002\000.\0002\000.\0001\000\040\000N\000i\000v\000e\000l\000e\000s\000\040\000d\000e\000\040\000S\000e\000g\000u\000r\000i\000d\000a\000d}{section.10}% 9
\BOOKMARK [2][-]{subsection.12}{\376\377\0002\000.\0002\000.\0002\000\040\000S\000i\000n\000k\000s\000\040\000y\000\040\000S\000o\000u\000r\000c\000e\000s}{section.10}% 10
\BOOKMARK [1][-]{section.13}{\376\377\0002\000.\0003\000\040\000A\000n\000d\000r\000o\000i\000d}{chapter.8}% 11
\BOOKMARK [2][-]{subsection.14}{\376\377\0002\000.\0003\000.\0001\000\040\000I\000n\000t\000r\000o\000d\000u\000c\000c\000i\000\363\000n\000\040\000a\000\040\000l\000a\000\040\000p\000l\000a\000t\000a\000f\000o\000r\000m\000a\000\040\000A\000n\000d\000r\000o\000i\000d}{section.13}% 12
\BOOKMARK [2][-]{subsection.15}{\376\377\0002\000.\0003\000.\0002\000\040\000M\000o\000d\000e\000l\000o\000\040\000d\000e\000\040\000s\000e\000g\000u\000r\000i\000d\000a\000d\000\040\000d\000e\000\040\000A\000n\000d\000r\000o\000i\000d}{section.13}% 13
\BOOKMARK [2][-]{subsection.16}{\376\377\0002\000.\0003\000.\0003\000\040\000A\000n\000d\000r\000o\000i\000d\000\040\000y\000\040\000M\000a\000l\000w\000a\000r\000e}{section.13}% 14
\BOOKMARK [1][-]{section.17}{\376\377\0002\000.\0004\000\040\000E\000j\000e\000m\000p\000l\000o\000\040\000M\000o\000t\000i\000v\000a\000d\000o\000r}{chapter.8}% 15
\BOOKMARK [1][-]{section.18}{\376\377\0002\000.\0005\000\040\000H\000e\000r\000r\000a\000m\000i\000e\000n\000t\000a\000s\000\040\000d\000e\000\040\000a\000n\000\341\000l\000i\000s\000i\000s\000\040\000e\000s\000t\000\341\000t\000i\000c\000o}{chapter.8}% 16
\BOOKMARK [2][-]{subsection.19}{\376\377\0002\000.\0005\000.\0001\000\040\000F\000l\000o\000w\000d\000r\000o\000i\000d}{section.18}% 17
\BOOKMARK [2][-]{subsection.20}{\376\377\0002\000.\0005\000.\0002\000\040\000E\000p\000i\000c\000c}{section.18}% 18
\BOOKMARK [2][-]{subsection.21}{\376\377\0002\000.\0005\000.\0003\000\040\000D\000i\000d\000f\000a\000i\000l}{section.18}% 19
\BOOKMARK [0][-]{chapter.22}{\376\377\0003\000\040\000D\000i\000s\000e\000\361\000o\000\040\000e\000\040\000I\000m\000p\000l\000e\000m\000e\000n\000t\000a\000c\000i\000\363\000n}{}% 20
\BOOKMARK [1][-]{section.23}{\376\377\0003\000.\0001\000\040\000E\000s\000c\000e\000n\000a\000r\000i\000o\000\040\000d\000e\000\040\000e\000j\000e\000m\000p\000l\000o}{chapter.22}% 21
\BOOKMARK [2][-]{subsection.24}{\376\377\0003\000.\0001\000.\0001\000\040\000I\000n\000f\000o\000r\000m\000a\000c\000i\000\363\000n\000\040\000o\000b\000t\000e\000n\000i\000d\000a\000\040\000a\000\040\000t\000r\000a\000v\000\351\000s\000\040\000d\000e\000\040\000D\000i\000d\000f\000a\000i\000l}{section.23}% 22
\BOOKMARK [2][-]{subsection.25}{\376\377\0003\000.\0001\000.\0002\000\040\000I\000n\000f\000o\000r\000m\000a\000c\000i\000\363\000n\000\040\000o\000b\000t\000e\000n\000i\000d\000a\000\040\000a\000\040\000t\000r\000a\000v\000\351\000s\000\040\000d\000e\000\040\000a\000r\000c\000h\000i\000v\000o\000\040\000d\000e\000\040\000c\000o\000n\000f\000i\000g\000u\000r\000a\000c\000i\000\363\000n\000\040\000\372\000n\000i\000c\000a\000m\000e\000n\000t\000e}{section.23}% 23
\BOOKMARK [2][-]{subsection.26}{\376\377\0003\000.\0001\000.\0003\000\040\000I\000n\000f\000o\000r\000m\000a\000c\000i\000\363\000n\000\040\000o\000b\000t\000e\000n\000i\000d\000a\000\040\000m\000e\000d\000i\000a\000n\000t\000e\000\040\000G\000U\000I\000\040\000o\000\040\000a\000r\000c\000h\000i\000v\000o\000s\000\040\000d\000e\000\040\000c\000o\000n\000f\000i\000g\000u\000r\000a\000c\000i\000\363\000n}{section.23}% 24
\BOOKMARK [3][-]{subsubsection.27}{\376\377\0003\000.\0001\000.\0003\000.\0001\000\040\000A\000s\000i\000g\000n\000a\000c\000i\000\363\000n\000\040\000d\000e\000\040\000n\000i\000v\000e\000l\000e\000s\000\040\000a\000\040\000m\000\351\000t\000o\000d\000o\000s}{subsection.26}% 25
\BOOKMARK [3][-]{subsubsection.28}{\376\377\0003\000.\0001\000.\0003\000.\0002\000\040\000E\000x\000c\000e\000p\000c\000i\000o\000n\000e\000s}{subsection.26}% 26
\BOOKMARK [1][-]{section.29}{\376\377\0003\000.\0002\000\040\000E\000t\000a\000p\000a\000\040\0001}{chapter.22}% 27
\BOOKMARK [1][-]{section.30}{\376\377\0003\000.\0003\000\040\000E\000t\000a\000p\000a\000\040\0002}{chapter.22}% 28
\BOOKMARK [1][-]{section.31}{\376\377\0003\000.\0004\000\040\000C\000o\000m\000p\000i\000l\000a\000c\000i\000\363\000n\000\040\000y\000\040\000u\000s\000o}{chapter.22}% 29
\BOOKMARK [0][-]{chapter.32}{\376\377\0004\000\040\000R\000e\000s\000u\000l\000t\000a\000d\000o\000s\000\040\000E\000x\000p\000e\000r\000i\000m\000e\000n\000t\000a\000l\000e\000s}{}% 30
\BOOKMARK [1][-]{section.33}{\376\377\0004\000.\0001\000\040\000D\000e\000s\000c\000r\000i\000p\000c\000i\000\363\000n\000\040\000d\000e\000\040\000a\000p\000l\000i\000c\000a\000c\000i\000o\000n\000e\000s\000\040\000a\000\040\000a\000n\000a\000l\000i\000z\000a\000r}{chapter.32}% 31
\BOOKMARK [1][-]{section.34}{\376\377\0004\000.\0002\000\040\000D\000a\000t\000o\000s}{chapter.32}% 32
\BOOKMARK [2][-]{subsection.35}{\376\377\0004\000.\0002\000.\0001\000\040\000J\000e\000r\000a\000r\000q\000u\000\355\000a\000\040\000d\000e\000\040\000n\000i\000v\000e\000l\000e\000s\000\040\000d\000e\000\040\000s\000e\000g\000u\000r\000i\000d\000a\000d}{section.34}% 33
\BOOKMARK [2][-]{subsection.36}{\376\377\0004\000.\0002\000.\0002\000\040\000A\000s\000i\000g\000n\000a\000c\000i\000\363\000n\000\040\000d\000e\000\040\000n\000i\000v\000e\000l\000e\000s}{section.34}% 34
\BOOKMARK [2][-]{subsection.37}{\376\377\0004\000.\0002\000.\0003\000\040\000E\000x\000c\000e\000p\000c\000i\000o\000n\000e\000s}{section.34}% 35
\BOOKMARK [2][-]{subsection.38}{\376\377\0004\000.\0002\000.\0004\000\040\000D\000i\000d\000f\000a\000i\000l\000\040\000m\000o\000d\000i\000f\000i\000c\000a\000d\000o}{section.34}% 36
\BOOKMARK [1][-]{section.39}{\376\377\0004\000.\0003\000\040\000R\000e\000s\000u\000l\000t\000a\000d\000o\000s\000\040\000o\000b\000t\000e\000n\000i\000d\000o\000s}{chapter.32}% 37
\BOOKMARK [0][-]{chapter.40}{\376\377\0005\000\040\000L\000i\000m\000i\000t\000a\000c\000i\000o\000n\000e\000s}{}% 38
\BOOKMARK [0][-]{chapter.41}{\376\377\0006\000\040\000C\000o\000n\000c\000l\000u\000s\000i\000\363\000n\000\040\000y\000\040\000f\000u\000t\000u\000r\000o\000s\000\040\000t\000r\000a\000b\000a\000j\000o\000s}{}% 39
\BOOKMARK [0][-]{chapter*.42}{\376\377\000B\000i\000b\000l\000i\000o\000g\000r\000a\000f\000\355\000a}{}% 40
