This is pdfTeX, Version 3.14159265-2.6-1.40.16 (TeX Live 2015) (preloaded format=pdflatex 2015.12.10)  6 SEP 2016 20:04
entering extended mode
 restricted \write18 enabled.
 file:line:error style messages enabled.
 %&-line parsing enabled.
**Thesis.tex
(./Thesis.tex
LaTeX2e <2015/01/01>
Babel <3.9l> and hyphenation patterns for 79 languages loaded.
(./Thesis.cls (/usr/local/texlive/2015/texmf-dist/tex/latex/base/inputenc.sty
Package: inputenc 2015/03/17 v1.2c Input encoding file
\inpenc@prehook=\toks14
\inpenc@posthook=\toks15

(/usr/local/texlive/2015/texmf-dist/tex/latex/base/latin1.def
File: latin1.def 2015/03/17 v1.2c Input encoding file
))
Document Class: Thesis 2007/22/02 v1.0 LaTeX document class
(/usr/local/texlive/2015/texmf-dist/tex/latex/base/book.cls
Document Class: book 2014/09/29 v1.4h Standard LaTeX document class
(/usr/local/texlive/2015/texmf-dist/tex/latex/base/bk12.clo
File: bk12.clo 2014/09/29 v1.4h Standard LaTeX file (size option)
)
\c@part=\count79
\c@chapter=\count80
\c@section=\count81
\c@subsection=\count82
\c@subsubsection=\count83
\c@paragraph=\count84
\c@subparagraph=\count85
\c@figure=\count86
\c@table=\count87
\abovecaptionskip=\skip41
\belowcaptionskip=\skip42
\bibindent=\dimen102
)
(/usr/local/texlive/2015/texmf-dist/tex/latex/setspace/setspace.sty
Package: setspace 2011/12/19 v6.7a set line spacing
)
(/usr/local/texlive/2015/texmf-dist/tex/latex/vmargin/vmargin.sty
Package: vmargin 2004/07/15 V2.5 set document margins (VK)

Package: vmargin 2004/07/15 V2.5 set document margins (VK)
\PaperWidth=\dimen103
\PaperHeight=\dimen104
) (/usr/local/texlive/2015/texmf-dist/tex/latex/fancyhdr/fancyhdr.sty
\fancy@headwidth=\skip43
\f@ncyO@elh=\skip44
\f@ncyO@erh=\skip45
\f@ncyO@olh=\skip46
\f@ncyO@orh=\skip47
\f@ncyO@elf=\skip48
\f@ncyO@erf=\skip49
\f@ncyO@olf=\skip50
\f@ncyO@orf=\skip51
)
(/usr/local/texlive/2015/texmf-dist/tex/latex/amsmath/amsmath.sty
Package: amsmath 2013/01/14 v2.14 AMS math features
\@mathmargin=\skip52

For additional information on amsmath, use the `?' option.
(/usr/local/texlive/2015/texmf-dist/tex/latex/amsmath/amstext.sty
Package: amstext 2000/06/29 v2.01

(/usr/local/texlive/2015/texmf-dist/tex/latex/amsmath/amsgen.sty
File: amsgen.sty 1999/11/30 v2.0
\@emptytoks=\toks16
\ex@=\dimen105
))
(/usr/local/texlive/2015/texmf-dist/tex/latex/amsmath/amsbsy.sty
Package: amsbsy 1999/11/29 v1.2d
\pmbraise@=\dimen106
)
(/usr/local/texlive/2015/texmf-dist/tex/latex/amsmath/amsopn.sty
Package: amsopn 1999/12/14 v2.01 operator names
)
\inf@bad=\count88
LaTeX Info: Redefining \frac on input line 210.
\uproot@=\count89
\leftroot@=\count90
LaTeX Info: Redefining \overline on input line 306.
\classnum@=\count91
\DOTSCASE@=\count92
LaTeX Info: Redefining \ldots on input line 378.
LaTeX Info: Redefining \dots on input line 381.
LaTeX Info: Redefining \cdots on input line 466.
\Mathstrutbox@=\box26
\strutbox@=\box27
\big@size=\dimen107
LaTeX Font Info:    Redeclaring font encoding OML on input line 566.
LaTeX Font Info:    Redeclaring font encoding OMS on input line 567.
\macc@depth=\count93
\c@MaxMatrixCols=\count94
\dotsspace@=\muskip10
\c@parentequation=\count95
\dspbrk@lvl=\count96
\tag@help=\toks17
\row@=\count97
\column@=\count98
\maxfields@=\count99
\andhelp@=\toks18
\eqnshift@=\dimen108
\alignsep@=\dimen109
\tagshift@=\dimen110
\tagwidth@=\dimen111
\totwidth@=\dimen112
\lineht@=\dimen113
\@envbody=\toks19
\multlinegap=\skip53
\multlinetaggap=\skip54
\mathdisplay@stack=\toks20
LaTeX Info: Redefining \[ on input line 2665.
LaTeX Info: Redefining \] on input line 2666.
)
(/usr/local/texlive/2015/texmf-dist/tex/latex/amsfonts/amsfonts.sty
Package: amsfonts 2013/01/14 v3.01 Basic AMSFonts support
\symAMSa=\mathgroup4
\symAMSb=\mathgroup5
LaTeX Font Info:    Overwriting math alphabet `\mathfrak' in version `bold'
(Font)                  U/euf/m/n --> U/euf/b/n on input line 106.
)
(/usr/local/texlive/2015/texmf-dist/tex/latex/amsfonts/amssymb.sty
Package: amssymb 2013/01/14 v3.01 AMS font symbols
)
(/usr/local/texlive/2015/texmf-dist/tex/latex/amsmath/amscd.sty
Package: amscd 1999/11/29 v2.0
\athelp@=\toks21
\minaw@=\dimen114
\bigaw@=\dimen115
\minCDarrowwidth=\dimen116
)
(/usr/local/texlive/2015/texmf-dist/tex/latex/amscls/amsthm.sty
Package: amsthm 2015/03/04 v2.20.2
\thm@style=\toks22
\thm@bodyfont=\toks23
\thm@headfont=\toks24
\thm@notefont=\toks25
\thm@headpunct=\toks26
\thm@preskip=\skip55
\thm@postskip=\skip56
\thm@headsep=\skip57
\dth@everypar=\toks27
)
(/usr/local/texlive/2015/texmf-dist/tex/latex/tools/xspace.sty
Package: xspace 2014/10/28 v1.13 Space after command names (DPC,MH)
)
\c@example=\count100
\c@theorem=\count101

(/usr/local/texlive/2015/texmf-dist/tex/latex/caption/caption.sty
Package: caption 2013/05/02 v3.3-89 Customizing captions (AR)

(/usr/local/texlive/2015/texmf-dist/tex/latex/caption/caption3.sty
Package: caption3 2013/05/02 v1.6-88 caption3 kernel (AR)
Package caption3 Info: TeX engine: e-TeX on input line 57.

(/usr/local/texlive/2015/texmf-dist/tex/latex/graphics/keyval.sty
Package: keyval 2014/10/28 v1.15 key=value parser (DPC)
\KV@toks@=\toks28
)
\captionmargin=\dimen117
\captionmargin@=\dimen118
\captionwidth=\dimen119
\caption@tempdima=\dimen120
\caption@indent=\dimen121
\caption@parindent=\dimen122
\caption@hangindent=\dimen123
)
\c@ContinuedFloat=\count102
)
(/usr/local/texlive/2015/texmf-dist/tex/latex/graphics/graphicx.sty
Package: graphicx 2014/10/28 v1.0g Enhanced LaTeX Graphics (DPC,SPQR)

(/usr/local/texlive/2015/texmf-dist/tex/latex/graphics/graphics.sty
Package: graphics 2014/10/28 v1.0p Standard LaTeX Graphics (DPC,SPQR)

(/usr/local/texlive/2015/texmf-dist/tex/latex/graphics/trig.sty
Package: trig 1999/03/16 v1.09 sin cos tan (DPC)
)
(/usr/local/texlive/2015/texmf-dist/tex/latex/latexconfig/graphics.cfg
File: graphics.cfg 2010/04/23 v1.9 graphics configuration of TeX Live
)
Package graphics Info: Driver file: pdftex.def on input line 94.

(/usr/local/texlive/2015/texmf-dist/tex/latex/pdftex-def/pdftex.def
File: pdftex.def 2011/05/27 v0.06d Graphics/color for pdfTeX

(/usr/local/texlive/2015/texmf-dist/tex/generic/oberdiek/infwarerr.sty
Package: infwarerr 2010/04/08 v1.3 Providing info/warning/error messages (HO)
)
(/usr/local/texlive/2015/texmf-dist/tex/generic/oberdiek/ltxcmds.sty
Package: ltxcmds 2011/11/09 v1.22 LaTeX kernel commands for general use (HO)
)
\Gread@gobject=\count103
))
\Gin@req@height=\dimen124
\Gin@req@width=\dimen125
)
(/usr/local/texlive/2015/texmf-dist/tex/latex/oberdiek/epstopdf.sty
Package: epstopdf 2010/02/09 v2.5 Conversion with epstopdf on the fly (HO)

(/usr/local/texlive/2015/texmf-dist/tex/latex/oberdiek/epstopdf-base.sty
Package: epstopdf-base 2010/02/09 v2.5 Base part for package epstopdf

(/usr/local/texlive/2015/texmf-dist/tex/latex/oberdiek/grfext.sty
Package: grfext 2010/08/19 v1.1 Manage graphics extensions (HO)

(/usr/local/texlive/2015/texmf-dist/tex/generic/oberdiek/kvdefinekeys.sty
Package: kvdefinekeys 2011/04/07 v1.3 Define keys (HO)
))
(/usr/local/texlive/2015/texmf-dist/tex/latex/oberdiek/kvoptions.sty
Package: kvoptions 2011/06/30 v3.11 Key value format for package options (HO)

(/usr/local/texlive/2015/texmf-dist/tex/generic/oberdiek/kvsetkeys.sty
Package: kvsetkeys 2012/04/25 v1.16 Key value parser (HO)

(/usr/local/texlive/2015/texmf-dist/tex/generic/oberdiek/etexcmds.sty
Package: etexcmds 2011/02/16 v1.5 Avoid name clashes with e-TeX commands (HO)

(/usr/local/texlive/2015/texmf-dist/tex/generic/oberdiek/ifluatex.sty
Package: ifluatex 2010/03/01 v1.3 Provides the ifluatex switch (HO)
Package ifluatex Info: LuaTeX not detected.
)
Package etexcmds Info: Could not find \expanded.
(etexcmds)             That can mean that you are not using pdfTeX 1.50 or
(etexcmds)             that some package has redefined \expanded.
(etexcmds)             In the latter case, load this package earlier.
)))
(/usr/local/texlive/2015/texmf-dist/tex/generic/oberdiek/pdftexcmds.sty
Package: pdftexcmds 2011/11/29 v0.20 Utility functions of pdfTeX for LuaTeX (HO
)

(/usr/local/texlive/2015/texmf-dist/tex/generic/oberdiek/ifpdf.sty
Package: ifpdf 2011/01/30 v2.3 Provides the ifpdf switch (HO)
Package ifpdf Info: pdfTeX in PDF mode is detected.
)
Package pdftexcmds Info: LuaTeX not detected.
Package pdftexcmds Info: \pdf@primitive is available.
Package pdftexcmds Info: \pdf@ifprimitive is available.
Package pdftexcmds Info: \pdfdraftmode found.
)
Package grfext Info: Graphics extension search list:
(grfext)             [.png,.pdf,.jpg,.mps,.jpeg,.jbig2,.jb2,.PNG,.PDF,.JPG,.JPE
G,.JBIG2,.JB2,.eps]
(grfext)             \AppendGraphicsExtensions on input line 452.

(/usr/local/texlive/2015/texmf-dist/tex/latex/latexconfig/epstopdf-sys.cfg
File: epstopdf-sys.cfg 2010/07/13 v1.3 Configuration of (r)epstopdf for TeX Liv
e
)))
(/usr/local/texlive/2015/texmf-dist/tex/latex/subfigure/subfigure.sty
Package: subfigure 2002/03/15 v2.1.5 subfigure package
\subfigtopskip=\skip58
\subfigcapskip=\skip59
\subfigcaptopadj=\dimen126
\subfigbottomskip=\skip60
\subfigcapmargin=\dimen127
\subfiglabelskip=\skip61
\c@subfigure=\count104
\c@lofdepth=\count105
\c@subtable=\count106
\c@lotdepth=\count107

****************************************
* Local config file subfigure.cfg used *
****************************************
(/usr/local/texlive/2015/texmf-dist/tex/latex/subfigure/subfigure.cfg)
\subfig@top=\skip62
\subfig@bottom=\skip63
)
(/usr/local/texlive/2015/texmf-dist/tex/latex/booktabs/booktabs.sty
Package: booktabs 2005/04/14 v1.61803 publication quality tables
\heavyrulewidth=\dimen128
\lightrulewidth=\dimen129
\cmidrulewidth=\dimen130
\belowrulesep=\dimen131
\belowbottomsep=\dimen132
\aboverulesep=\dimen133
\abovetopsep=\dimen134
\cmidrulesep=\dimen135
\cmidrulekern=\dimen136
\defaultaddspace=\dimen137
\@cmidla=\count108
\@cmidlb=\count109
\@aboverulesep=\dimen138
\@belowrulesep=\dimen139
\@thisruleclass=\count110
\@lastruleclass=\count111
\@thisrulewidth=\dimen140
)
(/usr/local/texlive/2015/texmf-dist/tex/latex/rotating/rotating.sty
Package: rotating 2009/03/28 v2.16a rotated objects in LaTeX

(/usr/local/texlive/2015/texmf-dist/tex/latex/base/ifthen.sty
Package: ifthen 2014/09/29 v1.1c Standard LaTeX ifthen package (DPC)
)
\c@r@tfl@t=\count112
\rotFPtop=\skip64
\rotFPbot=\skip65
\rot@float@box=\box28
\rot@mess@toks=\toks29
)
(/usr/local/texlive/2015/texmf-dist/tex/latex/listings/listings.sty
\lst@mode=\count113
\lst@gtempboxa=\box29
\lst@token=\toks30
\lst@length=\count114
\lst@currlwidth=\dimen141
\lst@column=\count115
\lst@pos=\count116
\lst@lostspace=\dimen142
\lst@width=\dimen143
\lst@newlines=\count117
\lst@lineno=\count118
\lst@maxwidth=\dimen144

(./lstpatch.sty

***
*** This is a patch for listings 1.3, but you're using
*** version 1.5e.
***
*** Patch file not loaded.
***

) (/usr/local/texlive/2015/texmf-dist/tex/latex/listings/lstmisc.sty
File: lstmisc.sty 2014/09/06 1.5e (Carsten Heinz)
\c@lstnumber=\count119
\lst@skipnumbers=\count120
\lst@framebox=\box30
)
(/usr/local/texlive/2015/texmf-dist/tex/latex/listings/listings.cfg
File: listings.cfg 2014/09/06 1.5e listings configuration
))
Package: listings 2014/09/06 1.5e (Carsten Heinz)

(./lstpatch.sty

***
*** This is a patch for listings 1.3, but you're using
*** version 1.5e.
***
 *** Patch file not loaded.
***

) (/usr/local/texlive/2015/texmf-dist/tex/latex/hyperref/hyperref.sty
Package: hyperref 2012/11/06 v6.83m Hypertext links for LaTeX

(/usr/local/texlive/2015/texmf-dist/tex/generic/oberdiek/hobsub-hyperref.sty
Package: hobsub-hyperref 2012/05/28 v1.13 Bundle oberdiek, subset hyperref (HO)


(/usr/local/texlive/2015/texmf-dist/tex/generic/oberdiek/hobsub-generic.sty
Package: hobsub-generic 2012/05/28 v1.13 Bundle oberdiek, subset generic (HO)
Package: hobsub 2012/05/28 v1.13 Construct package bundles (HO)
Package hobsub Info: Skipping package `infwarerr' (already loaded).
Package hobsub Info: Skipping package `ltxcmds' (already loaded).
Package hobsub Info: Skipping package `ifluatex' (already loaded).
Package: ifvtex 2010/03/01 v1.5 Detect VTeX and its facilities (HO)
Package ifvtex Info: VTeX not detected.
Package: intcalc 2007/09/27 v1.1 Expandable calculations with integers (HO)
Package hobsub Info: Skipping package `ifpdf' (already loaded).
Package hobsub Info: Skipping package `etexcmds' (already loaded).
Package hobsub Info: Skipping package `kvsetkeys' (already loaded).
Package hobsub Info: Skipping package `kvdefinekeys' (already loaded).
Package hobsub Info: Skipping package `pdftexcmds' (already loaded).
Package: pdfescape 2011/11/25 v1.13 Implements pdfTeX's escape features (HO)
Package: bigintcalc 2012/04/08 v1.3 Expandable calculations on big integers (HO
)
Package: bitset 2011/01/30 v1.1 Handle bit-vector datatype (HO)
Package: uniquecounter 2011/01/30 v1.2 Provide unlimited unique counter (HO)
)
Package hobsub Info: Skipping package `hobsub' (already loaded).
Package: letltxmacro 2010/09/02 v1.4 Let assignment for LaTeX macros (HO)
Package: hopatch 2012/05/28 v1.2 Wrapper for package hooks (HO)
Package: xcolor-patch 2011/01/30 xcolor patch
Package: atveryend 2011/06/30 v1.8 Hooks at the very end of document (HO)
Package atveryend Info: \enddocument detected (standard20110627).
Package: atbegshi 2011/10/05 v1.16 At begin shipout hook (HO)
Package: refcount 2011/10/16 v3.4 Data extraction from label references (HO)
Package: hycolor 2011/01/30 v1.7 Color options for hyperref/bookmark (HO)
)
(/usr/local/texlive/2015/texmf-dist/tex/generic/ifxetex/ifxetex.sty
Package: ifxetex 2010/09/12 v0.6 Provides ifxetex conditional
)
(/usr/local/texlive/2015/texmf-dist/tex/latex/oberdiek/auxhook.sty
Package: auxhook 2011/03/04 v1.3 Hooks for auxiliary files (HO)
)
\@linkdim=\dimen145
\Hy@linkcounter=\count121
\Hy@pagecounter=\count122

(/usr/local/texlive/2015/texmf-dist/tex/latex/hyperref/pd1enc.def
File: pd1enc.def 2012/11/06 v6.83m Hyperref: PDFDocEncoding definition (HO)
)
\Hy@SavedSpaceFactor=\count123

(/usr/local/texlive/2015/texmf-dist/tex/latex/latexconfig/hyperref.cfg
File: hyperref.cfg 2002/06/06 v1.2 hyperref configuration of TeXLive
)
Package hyperref Info: Option `bookmarks' set `true' on input line 4319.
Package hyperref Info: Option `bookmarksopen' set `true' on input line 4319.
Package hyperref Info: Option `bookmarksnumbered' set `true' on input line 4319
.
Package hyperref Info: Option `hypertexnames' set `false' on input line 4319.
Package hyperref Info: Option `colorlinks' set `true' on input line 4319.
Package hyperref Info: Option `unicode' set `true' on input line 4319.

(/usr/local/texlive/2015/texmf-dist/tex/latex/hyperref/puenc.def
File: puenc.def 2012/11/06 v6.83m Hyperref: PDF Unicode definition (HO)
)
Package hyperref Info: Option `breaklinks' set `true' on input line 4319.
Package hyperref Info: Hyper figures OFF on input line 4443.
Package hyperref Info: Link nesting OFF on input line 4448.
Package hyperref Info: Hyper index ON on input line 4451.
Package hyperref Info: Plain pages OFF on input line 4458.
Package hyperref Info: Backreferencing OFF on input line 4463.
Package hyperref Info: Implicit mode ON; LaTeX internals redefined.
Package hyperref Info: Bookmarks ON on input line 4688.
\c@Hy@tempcnt=\count124

(/usr/local/texlive/2015/texmf-dist/tex/latex/url/url.sty
\Urlmuskip=\muskip11
Package: url 2013/09/16  ver 3.4  Verb mode for urls, etc.
)
LaTeX Info: Redefining \url on input line 5041.
\XeTeXLinkMargin=\dimen146
\Fld@menulength=\count125
\Field@Width=\dimen147
\Fld@charsize=\dimen148
Package hyperref Info: Hyper figures OFF on input line 6295.
Package hyperref Info: Link nesting OFF on input line 6300.
Package hyperref Info: Hyper index ON on input line 6303.
Package hyperref Info: backreferencing OFF on input line 6310.
Package hyperref Info: Link coloring ON on input line 6313.
Package hyperref Info: Link coloring with OCG OFF on input line 6320.
Package hyperref Info: PDF/A mode OFF on input line 6325.
LaTeX Info: Redefining \ref on input line 6365.
LaTeX Info: Redefining \pageref on input line 6369.
\Hy@abspage=\count126
\c@Item=\count127
\c@Hfootnote=\count128
)

Package hyperref Message: Driver (autodetected): hpdftex.

(/usr/local/texlive/2015/texmf-dist/tex/latex/hyperref/hpdftex.def
File: hpdftex.def 2012/11/06 v6.83m Hyperref driver for pdfTeX
\Fld@listcount=\count129
\c@bookmark@seq@number=\count130

(/usr/local/texlive/2015/texmf-dist/tex/latex/oberdiek/rerunfilecheck.sty
Package: rerunfilecheck 2011/04/15 v1.7 Rerun checks for auxiliary files (HO)
Package uniquecounter Info: New unique counter `rerunfilecheck' on input line 2
82.
)
\Hy@SectionHShift=\skip66
)
\c@dummy=\count131

(/usr/local/texlive/2015/texmf-dist/tex/latex/tools/longtable.sty
Package: longtable 2014/10/28 v4.11 Multi-page Table package (DPC)
\LTleft=\skip67
\LTright=\skip68
\LTpre=\skip69
\LTpost=\skip70
\LTchunksize=\count132
\LTcapwidth=\dimen149
\LT@head=\box31
\LT@firsthead=\box32
\LT@foot=\box33
\LT@lastfoot=\box34
\LT@cols=\count133
\LT@rows=\count134
\c@LT@tables=\count135
\c@LT@chunks=\count136
\LT@p@ftn=\toks31
))
(/usr/local/texlive/2015/texmf-dist/tex/generic/babel/babel.sty
Package: babel 2014/09/25 3.9l The Babel package

(/usr/local/texlive/2015/texmf-dist/tex/generic/babel-spanish/spanish.ldf
Language: spanish.ldf 2014/04/24 v5.0n Spanish support from the babel system

(/usr/local/texlive/2015/texmf-dist/tex/generic/babel/babel.def
File: babel.def 2014/09/25 3.9l Babel common definitions
\babel@savecnt=\count137
\U@D=\dimen150
)
\es@quottoks=\toks32
\es@quotdepth=\count138
Package babel Info: Making " an active character on input line 516.
Package babel Info: Making . an active character on input line 617.
Package babel Info: Making < an active character on input line 662.
Package babel Info: Making > an active character on input line 662.
))
(/usr/local/texlive/2015/texmf-dist/tex/latex/natbib/natbib.sty
Package: natbib 2010/09/13 8.31b (PWD, AO)
\bibhang=\skip71
\bibsep=\skip72
LaTeX Info: Redefining \cite on input line 694.
\c@NAT@ctr=\count139
)
(/usr/local/texlive/2015/texmf-dist/tex/latex/tools/verbatim.sty
Package: verbatim 2014/10/28 v1.5q LaTeX2e package for verbatim enhancements
\every@verbatim=\toks33
\verbatim@line=\toks34
\verbatim@in@stream=\read1
) (./vector.sty
Package: vector 1994/09/16 v1.0 vector macros for LaTeX2e (nde)
(/usr/local/texlive/2015/texmf-dist/tex/latex/tools/calc.sty
Package: calc 2014/10/28 v4.3 Infix arithmetic (KKT,FJ)
\calc@Acount=\count140
\calc@Bcount=\count141
\calc@Adimen=\dimen151
\calc@Bdimen=\dimen152
\calc@Askip=\skip73
\calc@Bskip=\skip74
LaTeX Info: Redefining \setlength on input line 80.
LaTeX Info: Redefining \addtolength on input line 81.
\calc@Ccount=\count142
\calc@Cskip=\skip75
)
\c@vec@elem=\count143
)
(/usr/local/texlive/2015/texmf-dist/tex/latex/tocbibind/tocbibind.sty
Package: tocbibind 2010/10/13 v1.5k extra ToC listings
Package tocbibind Info: The document has chapter divisions on input line 50.


Package tocbibind Note: Using chapter style headings, unless overridden.

)
Package hyperref Info: Option `colorlinks' set `true' on input line 15.
 (./Thesis.aux
LaTeX Info: Redefining \. on input line 23.
LaTeX Info: Redefining \% on input line 23.
)
\openout1 = `Thesis.aux'.

LaTeX Font Info:    Checking defaults for OML/cmm/m/it on input line 18.
LaTeX Font Info:    ... okay on input line 18.
LaTeX Font Info:    Checking defaults for T1/cmr/m/n on input line 18.
LaTeX Font Info:    ... okay on input line 18.
LaTeX Font Info:    Checking defaults for OT1/cmr/m/n on input line 18.
LaTeX Font Info:    ... okay on input line 18.
LaTeX Font Info:    Checking defaults for OMS/cmsy/m/n on input line 18.
LaTeX Font Info:    ... okay on input line 18.
LaTeX Font Info:    Checking defaults for OMX/cmex/m/n on input line 18.
LaTeX Font Info:    ... okay on input line 18.
LaTeX Font Info:    Checking defaults for U/cmr/m/n on input line 18.
LaTeX Font Info:    ... okay on input line 18.
LaTeX Font Info:    Checking defaults for PD1/pdf/m/n on input line 18.
LaTeX Font Info:    ... okay on input line 18.
LaTeX Font Info:    Checking defaults for PU/pdf/m/n on input line 18.
LaTeX Font Info:    ... okay on input line 18.
Package caption Info: Begin \AtBeginDocument code.
Package caption Info: hyperref package is loaded.
Package caption Info: listings package is loaded.
Package caption Info: longtable package is loaded.

(/usr/local/texlive/2015/texmf-dist/tex/latex/caption/ltcaption.sty
Package: ltcaption 2013/02/03 v1.3-62 longtable captions (AR)
)
Package caption Info: rotating package is loaded.
Package caption Info: subfigure package is loaded.
Package caption Info: End \AtBeginDocument code.

(/usr/local/texlive/2015/texmf-dist/tex/context/base/supp-pdf.mkii
[Loading MPS to PDF converter (version 2006.09.02).]
\scratchcounter=\count144
\scratchdimen=\dimen153
\scratchbox=\box35
\nofMPsegments=\count145
\nofMParguments=\count146
\everyMPshowfont=\toks35
\MPscratchCnt=\count147
\MPscratchDim=\dimen154
\MPnumerator=\count148
\makeMPintoPDFobject=\count149
\everyMPtoPDFconversion=\toks36
)
\c@lstlisting=\count150
\AtBeginShipoutBox=\box36
 (/usr/local/texlive/2015/texmf-dist/tex/latex/graphics/color.sty
Package: color 2014/10/28 v1.1a Standard LaTeX Color (DPC)

(/usr/local/texlive/2015/texmf-dist/tex/latex/latexconfig/color.cfg
File: color.cfg 2007/01/18 v1.5 color configuration of teTeX/TeXLive
)
Package color Info: Driver file: pdftex.def on input line 142.
)
Package hyperref Info: Link coloring ON on input line 18.

(/usr/local/texlive/2015/texmf-dist/tex/latex/hyperref/nameref.sty
Package: nameref 2012/10/27 v2.43 Cross-referencing by name of section

(/usr/local/texlive/2015/texmf-dist/tex/generic/oberdiek/gettitlestring.sty
Package: gettitlestring 2010/12/03 v1.4 Cleanup title references (HO)
)
\c@section@level=\count151
)
LaTeX Info: Redefining \ref on input line 18.
LaTeX Info: Redefining \pageref on input line 18.
LaTeX Info: Redefining \nameref on input line 18.

(./Thesis.out) (./Thesis.out)
\@outlinefile=\write3
\openout3 = `Thesis.out'.

LaTeX Info: Redefining \. on input line 18.
LaTeX Info: Redefining \% on input line 18.

------------------------------------------------------------------------------
 Title Page
------------------------------------------------------------------------------
<Imagenes/escudounrc.jpg, id=156, 160.6pt x 241.90375pt>
File: Imagenes/escudounrc.jpg Graphic file (type jpg)

<use Imagenes/escudounrc.jpg>
Package pdftex.def Info: Imagenes/escudounrc.jpg used on input line 36.
(pdftex.def)             Requested size: 80.29979pt x 120.95157pt.
 [1



{/usr/local/texlive/2015/texmf-var/fonts/map/pdftex/updmap/pdftex.map} <./Image
nes/escudounrc.jpg>]
------------------------------------------------------------------------------
 Resumen
------------------------------------------------------------------------------
[1


]
------------------------------------------------------------------------------
 Table of Contents
------------------------------------------------------------------------------
(./Thesis.toc
LaTeX Info: Redefining \. on input line 1.
LaTeX Info: Redefining \% on input line 1.


LaTeX Font Warning: Font shape `OT1/cmr/bx/sc' undefined
(Font)              using `OT1/cmr/bx/n' instead on input line 2.


Package spanish Warning: Replacing `OT1/cmr/bx/sc' by 
(spanish)                faked small caps on input line 2.

LaTeX Font Info:    Try loading font information for U+msa on input line 5.
(/usr/local/texlive/2015/texmf-dist/tex/latex/amsfonts/umsa.fd
File: umsa.fd 2013/01/14 v3.01 AMS symbols A
)
LaTeX Font Info:    Try loading font information for U+msb on input line 5.

(/usr/local/texlive/2015/texmf-dist/tex/latex/amsfonts/umsb.fd
File: umsb.fd 2013/01/14 v3.01 AMS symbols B
) [2


])
\tf@toc=\write4
\openout4 = `Thesis.toc'.

 [3]
(./Chapters/Chapter1.tex
Cap\'{\i }tulo 1.
------------------------------------------------------------------------------
 1 Introducci\'on
------------------------------------------------------------------------------
[1



] [2]) (./Chapters/Chapter2.tex [3]
Cap\'{\i }tulo 2.
------------------------------------------------------------------------------
 2 Conocimientos Previos
------------------------------------------------------------------------------
[4

] [5] <Imagenes/Figura1.jpg, id=266, 713.66624pt x 475.7775pt>
File: Imagenes/Figura1.jpg Graphic file (type jpg)

<use Imagenes/Figura1.jpg>
Package pdftex.def Info: Imagenes/Figura1.jpg used on input line 20.
(pdftex.def)             Requested size: 356.83224pt x 237.88815pt.
 [6 <./Imagenes/Figura1.jpg>] [7] [8] [9]
<Imagenes/Figura2.png, id=316, 465.23813pt x 322.95656pt>
File: Imagenes/Figura2.png Graphic file (type png)

<use Imagenes/Figura2.png>
Package pdftex.def Info: Imagenes/Figura2.png used on input line 59.
(pdftex.def)             Requested size: 348.92773pt x 242.21681pt.
 [10 <./Imagenes/Figura2.png>] [11]
<Imagenes/Figura3.jpeg, id=329, 732.7375pt x 476.78125pt>
File: Imagenes/Figura3.jpeg Graphic file (type jpg)

<use Imagenes/Figura3.jpeg>
Package pdftex.def Info: Imagenes/Figura3.jpeg used on input line 86.
(pdftex.def)             Requested size: 366.36786pt x 238.39003pt.
 [12]
<Imagenes/Figura4.png, id=335, 373.395pt x 481.8pt>
File: Imagenes/Figura4.png Graphic file (type png)
 <use Imagenes/Figura4.png>
Package pdftex.def Info: Imagenes/Figura4.png used on input line 95.
(pdftex.def)             Requested size: 280.04556pt x 361.3491pt.

[13 <./Imagenes/Figura3.jpeg>]
<Imagenes/Figura5.png, id=340, 525.965pt x 184.69pt>
File: Imagenes/Figura5.png Graphic file (type png)

<use Imagenes/Figura5.png>
Package pdftex.def Info: Imagenes/Figura5.png used on input line 101.
(pdftex.def)             Requested size: 394.47276pt x 138.51714pt.
 [14 <./Imagenes/Figura4.png> <./Imagenes/Figura5.png>] <Imagenes/Figura6.png, 
id=347, 488.82625pt x 232.87pt>
File: Imagenes/Figura6.png Graphic file (type png)

<use Imagenes/Figura6.png>
Package pdftex.def Info: Imagenes/Figura6.png used on input line 111.
(pdftex.def)             Requested size: 391.06152pt x 186.29623pt.

<Imagenes/Figura7.png, id=348, 491.8375pt x 282.05376pt>
File: Imagenes/Figura7.png Graphic file (type png)

<use Imagenes/Figura7.png>
Package pdftex.def Info: Imagenes/Figura7.png used on input line 116.
(pdftex.def)             Requested size: 393.47052pt x 225.6433pt.
 [15 <./Imagenes/Figura6.png>]
<Imagenes/Figura8.png, id=355, 472.76625pt x 255.95625pt>
File: Imagenes/Figura8.png Graphic file (type png)

<use Imagenes/Figura8.png>
Package pdftex.def Info: Imagenes/Figura8.png used on input line 121.
(pdftex.def)             Requested size: 378.2135pt x 204.76526pt.

<Imagenes/Figura9.png, id=356, 478.78876pt x 156.585pt>
File: Imagenes/Figura9.png Graphic file (type png)

<use Imagenes/Figura9.png>
Package pdftex.def Info: Imagenes/Figura9.png used on input line 126.
(pdftex.def)             Requested size: 383.03152pt x 125.26816pt.

<Imagenes/Figura10.png, id=357, 456.70625pt x 198.7425pt>
File: Imagenes/Figura10.png Graphic file (type png)

<use Imagenes/Figura10.png>
Package pdftex.def Info: Imagenes/Figura10.png used on input line 131.
(pdftex.def)             Requested size: 365.36548pt x 158.9942pt.
 [16 <./Imagenes/Figura7.png> <./Imagenes/Figura8.png> <./Imagenes/Figura9.png>
] [17 <./Imagenes/Figura10.png>])
(./Chapters/Chapter3.tex [18]
Cap\'{\i }tulo 3.
------------------------------------------------------------------------------
 3 Dise\~no e Implementac\'on
------------------------------------------------------------------------------
[19

] <Imagenes/Figura11.png, id=380, 418.56375pt x 252.945pt>
File: Imagenes/Figura11.png Graphic file (type png)

<use Imagenes/Figura11.png>
Package pdftex.def Info: Imagenes/Figura11.png used on input line 17.
(pdftex.def)             Requested size: 313.92203pt x 189.70828pt.

<Imagenes/Figura12.png, id=381, 712.6625pt x 201.75375pt>
File: Imagenes/Figura12.png Graphic file (type png)

<use Imagenes/Figura12.png>
Package pdftex.def Info: Imagenes/Figura12.png used on input line 27.
(pdftex.def)             Requested size: 427.6008pt x 121.05318pt.

Overfull \hbox (10.12773pt too wide) in paragraph at lines 27--27
 [] 
 []

[20 <./Imagenes/Figura11.png>] [21 <./Imagenes/Figura12.png>]
<Imagenes/Figura13.png, id=393, 400.49625pt x 376.40625pt>
File: Imagenes/Figura13.png Graphic file (type png)

<use Imagenes/Figura13.png>
Package pdftex.def Info: Imagenes/Figura13.png used on input line 44.
(pdftex.def)             Requested size: 300.37144pt x 282.30399pt.

Overfull \hbox (5.01227pt too wide) in paragraph at lines 48--48
[]\OT1/cmr/m/n/12 Para brin-dar los ni-ve-les y sus re-la-cio-nes, el usua-rio 
de-be mo-di-fi-car el archivo\OT1/cmr/m/it/12 security-
 []

[22 <./Imagenes/Figura13.png>]
<Imagenes/Figura14.png, id=400, 460.72125pt x 475.7775pt>
File: Imagenes/Figura14.png Graphic file (type png)

<use Imagenes/Figura14.png>
Package pdftex.def Info: Imagenes/Figura14.png used on input line 68.
(pdftex.def)             Requested size: 345.54008pt x 356.83223pt.
 [23] [24 <./Imagenes/Figura14.png>] [25]
<Imagenes/Figura15.png, id=414, 584.1825pt x 81.30376pt>
File: Imagenes/Figura15.png Graphic file (type png)

<use Imagenes/Figura15.png>
Package pdftex.def Info: Imagenes/Figura15.png used on input line 91.
(pdftex.def)             Requested size: 408.92496pt x 56.91223pt.
 [26 <./Imagenes/Figura15.png>]
<Imagenes/Figura16.png, id=420, 476.78125pt x 657.45625pt>
File: Imagenes/Figura16.png Graphic file (type png)

<use Imagenes/Figura16.png>
Package pdftex.def Info: Imagenes/Figura16.png used on input line 106.
(pdftex.def)             Requested size: 333.74458pt x 460.21625pt.
 [27] [28 <./Imagenes/Figura16.png>]
<Imagenes/Figura17.png, id=432, 468.75125pt x 391.4625pt>
File: Imagenes/Figura17.png Graphic file (type png)

<use Imagenes/Figura17.png>
Package pdftex.def Info: Imagenes/Figura17.png used on input line 119.
(pdftex.def)             Requested size: 328.12363pt x 274.02187pt.
 [29]) (./Chapters/Chapter4.tex [30 <./Imagenes/Figura17.png>]
Cap\'{\i }tulo 4.
------------------------------------------------------------------------------
 4 Resultados Experimentales
------------------------------------------------------------------------------
[31

] <Imagenes/Figura18.png, id=446, 864.22874pt x 384.43625pt>
File: Imagenes/Figura18.png Graphic file (type png)

<use Imagenes/Figura18.png>
Package pdftex.def Info: Imagenes/Figura18.png used on input line 23.
(pdftex.def)             Requested size: 432.11331pt x 192.21765pt.

Overfull \hbox (14.64024pt too wide) in paragraph at lines 23--23
 [] 
 []

<Imagenes/Figura19.png, id=447, 566.115pt x 106.3975pt>
File: Imagenes/Figura19.png Graphic file (type png)

<use Imagenes/Figura19.png>
Package pdftex.def Info: Imagenes/Figura19.png used on input line 32.
(pdftex.def)             Requested size: 424.5852pt x 79.79791pt.

Overfull \hbox (7.11214pt too wide) in paragraph at lines 32--32
 [] 
 []

[32 <./Imagenes/Figura18.png> <./Imagenes/Figura19.png>]
<Imagenes/Figura20.png, id=454, 491.8375pt x 83.31125pt>
File: Imagenes/Figura20.png Graphic file (type png)

<use Imagenes/Figura20.png>
Package pdftex.def Info: Imagenes/Figura20.png used on input line 41.
(pdftex.def)             Requested size: 368.87721pt x 62.48328pt.

<Imagenes/Figura21a.png, id=455, 650.43pt x 529.98pt>
File: Imagenes/Figura21a.png Graphic file (type png)

<use Imagenes/Figura21a.png>
Package pdftex.def Info: Imagenes/Figura21a.png used on input line 51.
(pdftex.def)             Requested size: 390.261pt x 317.99043pt.
 [33 <./Imagenes/Figura20.png>]
<Imagenes/Figura21b.png, id=463, 641.39626pt x 549.05125pt>
File: Imagenes/Figura21b.png Graphic file (type png)

<use Imagenes/Figura21b.png>
Package pdftex.def Info: Imagenes/Figura21b.png used on input line 56.
(pdftex.def)             Requested size: 384.84071pt x 329.43329pt.
 [34 <./Imagenes/Figura21a.png>]
<Imagenes/Figura21c.png, id=469, 628.3475pt x 145.54375pt>
File: Imagenes/Figura21c.png Graphic file (type png)

<use Imagenes/Figura21c.png>
Package pdftex.def Info: Imagenes/Figura21c.png used on input line 61.
(pdftex.def)             Requested size: 377.0114pt x 87.3269pt.
 [35 <./Imagenes/Figura21b.png> <./Imagenes/Figura21c.png>] <Imagenes/Figura22.
png, id=476, 381.425pt x 174.6525pt>
File: Imagenes/Figura22.png Graphic file (type png)

<use Imagenes/Figura22.png>
Package pdftex.def Info: Imagenes/Figura22.png used on input line 71.
(pdftex.def)             Requested size: 343.27931pt x 157.18579pt.
) (./Chapters/Chapter5.tex [36 <./Imagenes/Figura22.png>]
Cap\'{\i }tulo 5.
------------------------------------------------------------------------------
 5 Limitaciones
------------------------------------------------------------------------------
[37

]) (./Chapters/Chapter6.tex [38]
Cap\'{\i }tulo 6.
------------------------------------------------------------------------------
 6 Conclusi\'on y futuros trabajos
------------------------------------------------------------------------------
[39

]) (./Thesis.bbl [40] [41

] [42]
Underfull \hbox (badness 10000) in paragraph at lines 133--140
[]\OT1/cmr/m/n/12 F. Ba-ve-ra and E. Bo-ne-lli.  Ty-pe-ba-sed in-for-ma-tion fl
ow
 []


Underfull \hbox (badness 10000) in paragraph at lines 133--140
\OT1/cmr/m/n/12 analy-sis for by-te-co-de lan-gua-ges with ro-bust de-clas-si-f
i-ca-tion.
 []


Underfull \hbox (badness 10000) in paragraph at lines 133--140
\OT1/cmr/m/n/12 http://dc.exa.unrc.edu.ar/docentes/pancho/fbavera/papers/ifbcod
e ro-
 []


Underfull \hbox (badness 1648) in paragraph at lines 133--140
\OT1/cmr/m/n/12 bust.ps http://dc.exa.unrc.edu.ar/docentes/pancho/fbavera/paper
s/ifbcode
 []


Overfull \hbox (1.54063pt too wide) in paragraph at lines 133--140
\OT1/cmr/m/n/12 ro-bust.pshttp://dc.exa.unrc.edu.ar/docentes/pancho/fbavera/pap
ers/ifbcode
 []

)
Package atveryend Info: Empty hook `BeforeClearDocument' on input line 93.
 [43]
Package atveryend Info: Empty hook `AfterLastShipout' on input line 93.
 (./Thesis.aux
LaTeX Info: Redefining \. on input line 23.
LaTeX Info: Redefining \% on input line 23.
)
Package atveryend Info: Executing hook `AtVeryEndDocument' on input line 93.
Package atveryend Info: Executing hook `AtEndAfterFileList' on input line 93.
Package rerunfilecheck Info: File `Thesis.out' has not changed.
(rerunfilecheck)             Checksum: 6FA9AADB1D976D5C5703CF9789EBFFC1;7123.


LaTeX Font Warning: Some font shapes were not available, defaults substituted.

Package atveryend Info: Empty hook `AtVeryVeryEnd' on input line 93.
 ) 
Here is how much of TeX's memory you used:
 14256 strings out of 493089
 201890 string characters out of 6134841
 275489 words of memory out of 5000000
 17393 multiletter control sequences out of 15000+600000
 12012 words of font info for 44 fonts, out of 8000000 for 9000
 1141 hyphenation exceptions out of 8191
 49i,13n,45p,1087b,690s stack positions out of 5000i,500n,10000p,200000b,80000s
</usr/local/texlive/2015/texmf-dist/fonts/type1/public/amsfonts/cm/cmbx12.pfb
></usr/local/texlive/2015/texmf-dist/fonts/type1/public/amsfonts/cm/cmbx8.pfb><
/usr/local/texlive/2015/texmf-dist/fonts/type1/public/amsfonts/cm/cmcsc10.pfb><
/usr/local/texlive/2015/texmf-dist/fonts/type1/public/amsfonts/cm/cmmi12.pfb></
usr/local/texlive/2015/texmf-dist/fonts/type1/public/amsfonts/cm/cmr12.pfb></us
r/local/texlive/2015/texmf-dist/fonts/type1/public/amsfonts/cm/cmr17.pfb></usr/
local/texlive/2015/texmf-dist/fonts/type1/public/amsfonts/cm/cmsy10.pfb></usr/l
ocal/texlive/2015/texmf-dist/fonts/type1/public/amsfonts/cm/cmti12.pfb>
Output written on Thesis.pdf (47 pages, 1756576 bytes).
PDF statistics:
 569 PDF objects out of 1000 (max. 8388607)
 460 compressed objects within 5 object streams
 112 named destinations out of 1000 (max. 500000)
 430 words of extra memory for PDF output out of 10000 (max. 10000000)

